Compiling the C compiler identification source file "CMakeCCompilerId.c" failed.
Compiler: /usr/local/share/cmake-3.22/Modules/Compiler/GNU-C.cmake 
Build flags: 
Id flags:  

The output was:
Permission denied


Compiling the C compiler identification source file "CMakeCCompilerId.c" failed.
Compiler: /usr/local/share/cmake-3.22/Modules/Compiler/GNU-C.cmake 
Build flags: 
Id flags: -c 

The output was:
Permission denied


Compiling the C compiler identification source file "CMakeCCompilerId.c" failed.
Compiler: /usr/local/share/cmake-3.22/Modules/Compiler/GNU-C.cmake 
Build flags: 
Id flags: -Aa 

The output was:
Permission denied


Compiling the C compiler identification source file "CMakeCCompilerId.c" failed.
Compiler: /usr/local/share/cmake-3.22/Modules/Compiler/GNU-C.cmake 
Build flags: 
Id flags: -D__CLASSIC_C__ 

The output was:
Permission denied


Compiling the C compiler identification source file "CMakeCCompilerId.c" failed.
Compiler: /usr/local/share/cmake-3.22/Modules/Compiler/GNU-C.cmake 
Build flags: 
Id flags: --target=arm-arm-none-eabi;-mcpu=cortex-m3 

The output was:
Permission denied


Compiling the C compiler identification source file "CMakeCCompilerId.c" failed.
Compiler: /usr/local/share/cmake-3.22/Modules/Compiler/GNU-C.cmake 
Build flags: 
Id flags: -c;-I__does_not_exist__ 

The output was:
Permission denied


Compiling the C compiler identification source file "CMakeCCompilerId.c" failed.
Compiler: /usr/local/share/cmake-3.22/Modules/Compiler/GNU-C.cmake 
Build flags: 
Id flags:  

The output was:
Permission denied


Compiling the C compiler identification source file "CMakeCCompilerId.c" failed.
Compiler: /usr/local/share/cmake-3.22/Modules/Compiler/GNU-C.cmake 
Build flags: 
Id flags: -c 

The output was:
Permission denied


Compiling the C compiler identification source file "CMakeCCompilerId.c" failed.
Compiler: /usr/local/share/cmake-3.22/Modules/Compiler/GNU-C.cmake 
Build flags: 
Id flags: -Aa 

The output was:
Permission denied


Compiling the C compiler identification source file "CMakeCCompilerId.c" failed.
Compiler: /usr/local/share/cmake-3.22/Modules/Compiler/GNU-C.cmake 
Build flags: 
Id flags: -D__CLASSIC_C__ 

The output was:
Permission denied


Compiling the C compiler identification source file "CMakeCCompilerId.c" failed.
Compiler: /usr/local/share/cmake-3.22/Modules/Compiler/GNU-C.cmake 
Build flags: 
Id flags: --target=arm-arm-none-eabi;-mcpu=cortex-m3 

The output was:
Permission denied


Compiling the C compiler identification source file "CMakeCCompilerId.c" failed.
Compiler: /usr/local/share/cmake-3.22/Modules/Compiler/GNU-C.cmake 
Build flags: 
Id flags: -c;-I__does_not_exist__ 

The output was:
Permission denied


Checking whether the C compiler is IAR using "" did not match "IAR .+ Compiler":
Checking whether the C compiler is IAR using "" did not match "IAR .+ Compiler":
Compiling the CXX compiler identification source file "CMakeCXXCompilerId.cpp" failed.
Compiler: /usr/local/share/cmake-3.22/Modules/Compiler/XL-Fortran/cpp 
Build flags: 
Id flags:  

The output was:
1
cpp: fatal error: output filename may not be empty
compilation terminated.


Compiling the CXX compiler identification source file "CMakeCXXCompilerId.cpp" failed.
Compiler: /usr/local/share/cmake-3.22/Modules/Compiler/XL-Fortran/cpp 
Build flags: 
Id flags: -c 

The output was:
1
cpp: fatal error: ‘-c’ is not a valid option to the preprocessor
compilation terminated.


Compiling the CXX compiler identification source file "CMakeCXXCompilerId.cpp" failed.
Compiler: /usr/local/share/cmake-3.22/Modules/Compiler/XL-Fortran/cpp 
Build flags: 
Id flags: --c++ 

The output was:
1
cpp: error: unrecognized command line option ‘--c++’


Compiling the CXX compiler identification source file "CMakeCXXCompilerId.cpp" failed.
Compiler: /usr/local/share/cmake-3.22/Modules/Compiler/XL-Fortran/cpp 
Build flags: 
Id flags: --ec++ 

The output was:
1
cpp: error: unrecognized command line option ‘--ec++’; did you mean ‘-Weffc++’?


Compiling the CXX compiler identification source file "CMakeCXXCompilerId.cpp" failed.
Compiler: /usr/local/share/cmake-3.22/Modules/Compiler/XL-Fortran/cpp 
Build flags: 
Id flags: --target=arm-arm-none-eabi;-mcpu=cortex-m3 

The output was:
1
cpp: error: unrecognized command line option ‘--target=arm-arm-none-eabi’


Compiling the CXX compiler identification source file "CMakeCXXCompilerId.cpp" failed.
Compiler: /usr/local/share/cmake-3.22/Modules/Compiler/XL-Fortran/cpp 
Build flags: 
Id flags: -c;-I__does_not_exist__ 

The output was:
1
cpp: fatal error: ‘-c’ is not a valid option to the preprocessor
compilation terminated.


Compiling the CXX compiler identification source file "CMakeCXXCompilerId.cpp" failed.
Compiler: /usr/local/share/cmake-3.22/Modules/Compiler/XL-Fortran/cpp 
Build flags: 
Id flags:  

The output was:
1
cpp: fatal error: output filename may not be empty
compilation terminated.


Compiling the CXX compiler identification source file "CMakeCXXCompilerId.cpp" failed.
Compiler: /usr/local/share/cmake-3.22/Modules/Compiler/XL-Fortran/cpp 
Build flags: 
Id flags: -c 

The output was:
1
cpp: fatal error: ‘-c’ is not a valid option to the preprocessor
compilation terminated.


Compiling the CXX compiler identification source file "CMakeCXXCompilerId.cpp" failed.
Compiler: /usr/local/share/cmake-3.22/Modules/Compiler/XL-Fortran/cpp 
Build flags: 
Id flags: --c++ 

The output was:
1
cpp: error: unrecognized command line option ‘--c++’


Compiling the CXX compiler identification source file "CMakeCXXCompilerId.cpp" failed.
Compiler: /usr/local/share/cmake-3.22/Modules/Compiler/XL-Fortran/cpp 
Build flags: 
Id flags: --ec++ 

The output was:
1
cpp: error: unrecognized command line option ‘--ec++’; did you mean ‘-Weffc++’?


Compiling the CXX compiler identification source file "CMakeCXXCompilerId.cpp" failed.
Compiler: /usr/local/share/cmake-3.22/Modules/Compiler/XL-Fortran/cpp 
Build flags: 
Id flags: --target=arm-arm-none-eabi;-mcpu=cortex-m3 

The output was:
1
cpp: error: unrecognized command line option ‘--target=arm-arm-none-eabi’


Compiling the CXX compiler identification source file "CMakeCXXCompilerId.cpp" failed.
Compiler: /usr/local/share/cmake-3.22/Modules/Compiler/XL-Fortran/cpp 
Build flags: 
Id flags: -c;-I__does_not_exist__ 

The output was:
1
cpp: fatal error: ‘-c’ is not a valid option to the preprocessor
compilation terminated.


Checking whether the CXX compiler is IAR using "" did not match "IAR .+ Compiler":
cpp: error: : No such file or directory
cpp: fatal error: output filename may not be empty
compilation terminated.
Checking whether the CXX compiler is IAR using "" did not match "IAR .+ Compiler":
cpp: error: : No such file or directory
cpp: fatal error: output filename may not be empty
compilation terminated.
Detecting C compiler ABI info failed to compile with the following output:
Change Dir: /tmp/tmp.aIS3Iy7RgI/cmake-build-debug/CMakeFiles/CMakeTmp

Run Build Command(s):/usr/bin/make -f Makefile cmTC_b57ad/fast && /usr/bin/make  -f CMakeFiles/cmTC_b57ad.dir/build.make CMakeFiles/cmTC_b57ad.dir/build
make[1]: Entering directory '/tmp/tmp.aIS3Iy7RgI/cmake-build-debug/CMakeFiles/CMakeTmp'
Building C object CMakeFiles/cmTC_b57ad.dir/CMakeCCompilerABI.c.o
/usr/local/share/cmake-3.22/Modules/Compiler/GNU-C.cmake    -o CMakeFiles/cmTC_b57ad.dir/CMakeCCompilerABI.c.o -c /usr/local/share/cmake-3.22/Modules/CMakeCCompilerABI.c
make[1]: execvp: /usr/local/share/cmake-3.22/Modules/Compiler/GNU-C.cmake: Permission denied
make[1]: *** [CMakeFiles/cmTC_b57ad.dir/build.make:78: CMakeFiles/cmTC_b57ad.dir/CMakeCCompilerABI.c.o] Error 127
make[1]: Leaving directory '/tmp/tmp.aIS3Iy7RgI/cmake-build-debug/CMakeFiles/CMakeTmp'
make: *** [Makefile:127: cmTC_b57ad/fast] Error 2




Determining if the C compiler works failed with the following output:
Change Dir: /tmp/tmp.aIS3Iy7RgI/cmake-build-debug/CMakeFiles/CMakeTmp

Run Build Command(s):/usr/bin/make -f Makefile cmTC_c0fab/fast && /usr/bin/make  -f CMakeFiles/cmTC_c0fab.dir/build.make CMakeFiles/cmTC_c0fab.dir/build
make[1]: Entering directory '/tmp/tmp.aIS3Iy7RgI/cmake-build-debug/CMakeFiles/CMakeTmp'
Building C object CMakeFiles/cmTC_c0fab.dir/testCCompiler.c.o
/usr/local/share/cmake-3.22/Modules/Compiler/GNU-C.cmake    -o CMakeFiles/cmTC_c0fab.dir/testCCompiler.c.o -c /tmp/tmp.aIS3Iy7RgI/cmake-build-debug/CMakeFiles/CMakeTmp/testCCompiler.c
make[1]: execvp: /usr/local/share/cmake-3.22/Modules/Compiler/GNU-C.cmake: Permission denied
make[1]: *** [CMakeFiles/cmTC_c0fab.dir/build.make:78: CMakeFiles/cmTC_c0fab.dir/testCCompiler.c.o] Error 127
make[1]: Leaving directory '/tmp/tmp.aIS3Iy7RgI/cmake-build-debug/CMakeFiles/CMakeTmp'
make: *** [Makefile:127: cmTC_c0fab/fast] Error 2



